2025-02-09 08:21:13 - SQLSTATE[42S02]: Base table or view not found: 1146 Table 'cuahangdienthoai.users' doesn't exist
2025-02-09 11:19:13 - SQLSTATE[42S22]: Column not found: 1054 Unknown column 'user_image' in 'field list'
2025-02-22 05:03:51 - SQLSTATE[HY093]: Invalid parameter number: number of bound variables does not match number of tokens
2025-02-23 04:14:24 - SQLSTATE[42000]: Syntax error or access violation: 1064 You have an error in your SQL syntax; check the manual that corresponds to your MariaDB server version for the right syntax to use near ''10'' at line 12
2025-02-23 04:16:09 - SQLSTATE[42S02]: Base table or view not found: 1146 Table 'cuahangdienthoai.favorite' doesn't exist
2025-02-23 04:16:46 - SQLSTATE[42S22]: Column not found: 1054 Unknown column 'f.favorite_pro' in 'on clause'
2025-02-23 04:28:46 - SQLSTATE[42000]: Syntax error or access violation: 1064 You have an error in your SQL syntax; check the manual that corresponds to your MariaDB server version for the right syntax to use near ' c.category_name,
                COALESCE(AVG(r.review_content), 0) as aver...' at line 2
2025-02-23 05:43:22 - SQLSTATE[42S22]: Column not found: 1054 Unknown column 'review_rating' in 'field list'
2025-02-23 06:01:54 - SQLSTATE[42S02]: Base table or view not found: 1146 Table 'cuahangdienthoai.order_details' doesn't exist
2025-02-23 06:02:02 - SQLSTATE[42S02]: Base table or view not found: 1146 Table 'cuahangdienthoai.order_details' doesn't exist
2025-02-23 06:02:23 - SQLSTATE[42S02]: Base table or view not found: 1146 Table 'cuahangdienthoai.order_details' doesn't exist
2025-02-23 06:04:21 - SQLSTATE[42S02]: Base table or view not found: 1146 Table 'cuahangdienthoai.bill' doesn't exist
2025-02-23 06:04:28 - SQLSTATE[42S22]: Column not found: 1054 Unknown column 'f.favorite_pro' in 'on clause'
2025-02-23 14:23:25 - SQLSTATE[42000]: Syntax error or access violation: 1064 You have an error in your SQL syntax; check the manual that corresponds to your MariaDB server version for the right syntax to use near '(SELECT review_category 
                        FROM reviews r2 
         ...' at line 6
2025-02-23 14:23:25 - SQLSTATE[42000]: Syntax error or access violation: 1064 You have an error in your SQL syntax; check the manual that corresponds to your MariaDB server version for the right syntax to use near '(SELECT review_category 
                        FROM reviews r2 
         ...' at line 6
2025-02-23 14:23:27 - SQLSTATE[42000]: Syntax error or access violation: 1064 You have an error in your SQL syntax; check the manual that corresponds to your MariaDB server version for the right syntax to use near '(SELECT review_category 
                        FROM reviews r2 
         ...' at line 6
2025-02-23 14:23:27 - SQLSTATE[42000]: Syntax error or access violation: 1064 You have an error in your SQL syntax; check the manual that corresponds to your MariaDB server version for the right syntax to use near '(SELECT review_category 
                        FROM reviews r2 
         ...' at line 6
2025-02-23 14:23:28 - SQLSTATE[42000]: Syntax error or access violation: 1064 You have an error in your SQL syntax; check the manual that corresponds to your MariaDB server version for the right syntax to use near '(SELECT review_category 
                        FROM reviews r2 
         ...' at line 6
2025-02-23 14:23:28 - SQLSTATE[42000]: Syntax error or access violation: 1064 You have an error in your SQL syntax; check the manual that corresponds to your MariaDB server version for the right syntax to use near '(SELECT review_category 
                        FROM reviews r2 
         ...' at line 6
2025-02-23 14:23:28 - SQLSTATE[42000]: Syntax error or access violation: 1064 You have an error in your SQL syntax; check the manual that corresponds to your MariaDB server version for the right syntax to use near '(SELECT review_category 
                        FROM reviews r2 
         ...' at line 6
2025-02-23 14:23:28 - SQLSTATE[42000]: Syntax error or access violation: 1064 You have an error in your SQL syntax; check the manual that corresponds to your MariaDB server version for the right syntax to use near '(SELECT review_category 
                        FROM reviews r2 
         ...' at line 6
2025-02-23 14:36:09 - SQLSTATE[42000]: Syntax error or access violation: 1064 You have an error in your SQL syntax; check the manual that corresponds to your MariaDB server version for the right syntax to use near '(SELECT review_category 
                        FROM reviews r2 
         ...' at line 6
2025-02-23 14:36:09 - SQLSTATE[42000]: Syntax error or access violation: 1064 You have an error in your SQL syntax; check the manual that corresponds to your MariaDB server version for the right syntax to use near '(SELECT review_category 
                        FROM reviews r2 
         ...' at line 6
2025-02-23 14:36:16 - SQLSTATE[42000]: Syntax error or access violation: 1064 You have an error in your SQL syntax; check the manual that corresponds to your MariaDB server version for the right syntax to use near '(SELECT review_category 
                        FROM reviews r2 
         ...' at line 6
2025-02-23 14:36:16 - SQLSTATE[42000]: Syntax error or access violation: 1064 You have an error in your SQL syntax; check the manual that corresponds to your MariaDB server version for the right syntax to use near '(SELECT review_category 
                        FROM reviews r2 
         ...' at line 6
2025-02-23 14:36:48 - SQLSTATE[42000]: Syntax error or access violation: 1064 You have an error in your SQL syntax; check the manual that corresponds to your MariaDB server version for the right syntax to use near '(SELECT review_category 
                        FROM reviews r2 
         ...' at line 6
2025-02-23 14:36:48 - SQLSTATE[42000]: Syntax error or access violation: 1064 You have an error in your SQL syntax; check the manual that corresponds to your MariaDB server version for the right syntax to use near '(SELECT review_category 
                        FROM reviews r2 
         ...' at line 6
2025-02-23 14:37:12 - SQLSTATE[42000]: Syntax error or access violation: 1064 You have an error in your SQL syntax; check the manual that corresponds to your MariaDB server version for the right syntax to use near '(SELECT review_category 
                        FROM reviews r2 
         ...' at line 6
2025-02-23 14:37:12 - SQLSTATE[42000]: Syntax error or access violation: 1064 You have an error in your SQL syntax; check the manual that corresponds to your MariaDB server version for the right syntax to use near '(SELECT review_category 
                        FROM reviews r2 
         ...' at line 6
2025-02-23 14:37:15 - SQLSTATE[42000]: Syntax error or access violation: 1064 You have an error in your SQL syntax; check the manual that corresponds to your MariaDB server version for the right syntax to use near '(SELECT review_category 
                        FROM reviews r2 
         ...' at line 6
2025-02-23 14:37:15 - SQLSTATE[42000]: Syntax error or access violation: 1064 You have an error in your SQL syntax; check the manual that corresponds to your MariaDB server version for the right syntax to use near '(SELECT review_category 
                        FROM reviews r2 
         ...' at line 6
2025-02-23 14:37:17 - SQLSTATE[42000]: Syntax error or access violation: 1064 You have an error in your SQL syntax; check the manual that corresponds to your MariaDB server version for the right syntax to use near '(SELECT review_category 
                        FROM reviews r2 
         ...' at line 6
2025-02-23 14:37:17 - SQLSTATE[42000]: Syntax error or access violation: 1064 You have an error in your SQL syntax; check the manual that corresponds to your MariaDB server version for the right syntax to use near '(SELECT review_category 
                        FROM reviews r2 
         ...' at line 6
2025-02-23 14:37:36 - SQLSTATE[42000]: Syntax error or access violation: 1064 You have an error in your SQL syntax; check the manual that corresponds to your MariaDB server version for the right syntax to use near '(SELECT review_category 
                        FROM reviews r2 
         ...' at line 6
2025-02-23 14:37:36 - SQLSTATE[42000]: Syntax error or access violation: 1064 You have an error in your SQL syntax; check the manual that corresponds to your MariaDB server version for the right syntax to use near '(SELECT review_category 
                        FROM reviews r2 
         ...' at line 6
2025-03-02 11:07:19 - SQLSTATE[HY093]: Invalid parameter number: number of bound variables does not match number of tokens
2025-03-02 11:08:34 - SQLSTATE[HY093]: Invalid parameter number: number of bound variables does not match number of tokens
2025-03-02 11:09:57 - SQLSTATE[HY093]: Invalid parameter number: number of bound variables does not match number of tokens
2025-03-02 11:33:14 - SQLSTATE[HY093]: Invalid parameter number: number of bound variables does not match number of tokens
2025-03-02 11:39:10 - SQLSTATE[HY093]: Invalid parameter number: number of bound variables does not match number of tokens
2025-03-02 11:42:21 - SQLSTATE[HY093]: Invalid parameter number: number of bound variables does not match number of tokens
2025-03-03 04:43:26 - SQLSTATE[42000]: Syntax error or access violation: 1064 You have an error in your SQL syntax; check the manual that corresponds to your MariaDB server version for the right syntax to use near ''9' OFFSET '0'' at line 5
2025-03-03 04:43:37 - SQLSTATE[42000]: Syntax error or access violation: 1064 You have an error in your SQL syntax; check the manual that corresponds to your MariaDB server version for the right syntax to use near ''9' OFFSET '0'' at line 5
2025-03-03 04:43:39 - SQLSTATE[42000]: Syntax error or access violation: 1064 You have an error in your SQL syntax; check the manual that corresponds to your MariaDB server version for the right syntax to use near ''9' OFFSET '0'' at line 5
2025-03-03 04:45:09 - SQLSTATE[42000]: Syntax error or access violation: 1064 You have an error in your SQL syntax; check the manual that corresponds to your MariaDB server version for the right syntax to use near ''9' OFFSET '0'' at line 5
2025-03-03 04:48:15 - SQLSTATE[42000]: Syntax error or access violation: 1064 You have an error in your SQL syntax; check the manual that corresponds to your MariaDB server version for the right syntax to use near ')0' at line 5
2025-03-03 04:54:02 - SQLSTATE[42000]: Syntax error or access violation: 1064 You have an error in your SQL syntax; check the manual that corresponds to your MariaDB server version for the right syntax to use near ''9' OFFSET '0'' at line 5
2025-03-03 04:54:04 - SQLSTATE[42000]: Syntax error or access violation: 1064 You have an error in your SQL syntax; check the manual that corresponds to your MariaDB server version for the right syntax to use near ''9' OFFSET '0'' at line 5
2025-03-03 05:18:24 - SQLSTATE[42S22]: Column not found: 1054 Unknown column 'p.product_rating' in 'order clause'
2025-03-03 05:19:57 - SQLSTATE[42S22]: Column not found: 1054 Unknown column 'p.product_rating' in 'order clause'
2025-03-03 05:29:48 - SQLSTATE[42000]: Syntax error or access violation: 1064 You have an error in your SQL syntax; check the manual that corresponds to your MariaDB server version for the right syntax to use near ''12' OFFSET '0'' at line 11
2025-03-03 05:39:25 - SQLSTATE[42000]: Syntax error or access violation: 1064 You have an error in your SQL syntax; check the manual that corresponds to your MariaDB server version for the right syntax to use near ''12' OFFSET '0'' at line 11
2025-03-03 09:09:10 - SQLSTATE[HY093]: Invalid parameter number: number of bound variables does not match number of tokens
2025-03-03 09:09:55 - SQLSTATE[HY093]: Invalid parameter number: number of bound variables does not match number of tokens
2025-03-03 17:39:24 - SQLSTATE[23000]: Integrity constraint violation: 1452 Cannot add or update a child row: a foreign key constraint fails (`cuahangdienthoai`.`bills`, CONSTRAINT `bills_ibfk_2` FOREIGN KEY (`bill_coupon`) REFERENCES `coupons` (`coupon_id`))
2025-03-03 17:40:16 - SQLSTATE[23000]: Integrity constraint violation: 1452 Cannot add or update a child row: a foreign key constraint fails (`cuahangdienthoai`.`bills`, CONSTRAINT `bills_ibfk_2` FOREIGN KEY (`bill_coupon`) REFERENCES `coupons` (`coupon_id`))
2025-05-11 03:57:20 - SQLSTATE[42S22]: Column not found: 1054 Unknown column 'LicensePlate' in 'field list'
2025-05-11 04:11:34 - SQLSTATE[42S22]: Column not found: 1054 Unknown column 'BookingDate' in 'field list'
2025-05-11 04:14:53 - SQLSTATE[23000]: Integrity constraint violation: 1062 Duplicate entry '43G1-423.11' for key 'LicensePlate'
2025-05-18 04:07:38 - SQLSTATE[42000]: Syntax error or access violation: 1064 You have an error in your SQL syntax; check the manual that corresponds to your MariaDB server version for the right syntax to use near 'FROM bookings b
        JOIN bookingstatuses bs ON b.StatusID = bs.StatusID...' at line 20
2025-05-18 04:08:27 - SQLSTATE[42000]: Syntax error or access violation: 1064 You have an error in your SQL syntax; check the manual that corresponds to your MariaDB server version for the right syntax to use near 'FROM bookings b
        JOIN bookingstatuses bs ON b.StatusID = bs.StatusID...' at line 20
2025-05-18 04:08:36 - SQLSTATE[42000]: Syntax error or access violation: 1064 You have an error in your SQL syntax; check the manual that corresponds to your MariaDB server version for the right syntax to use near 'FROM bookings b
        JOIN bookingstatuses bs ON b.StatusID = bs.StatusID...' at line 20
2025-05-18 04:09:04 - SQLSTATE[42000]: Syntax error or access violation: 1064 You have an error in your SQL syntax; check the manual that corresponds to your MariaDB server version for the right syntax to use near 'FROM bookings b
        JOIN bookingstatuses bs ON b.StatusID = bs.StatusID...' at line 20
2025-05-18 04:09:04 - SQLSTATE[42000]: Syntax error or access violation: 1064 You have an error in your SQL syntax; check the manual that corresponds to your MariaDB server version for the right syntax to use near 'FROM bookings b
        JOIN bookingstatuses bs ON b.StatusID = bs.StatusID...' at line 20
2025-05-18 04:09:04 - SQLSTATE[42000]: Syntax error or access violation: 1064 You have an error in your SQL syntax; check the manual that corresponds to your MariaDB server version for the right syntax to use near 'FROM bookings b
        JOIN bookingstatuses bs ON b.StatusID = bs.StatusID...' at line 20
2025-05-18 04:09:05 - SQLSTATE[42000]: Syntax error or access violation: 1064 You have an error in your SQL syntax; check the manual that corresponds to your MariaDB server version for the right syntax to use near 'FROM bookings b
        JOIN bookingstatuses bs ON b.StatusID = bs.StatusID...' at line 20
2025-05-18 04:09:07 - SQLSTATE[42000]: Syntax error or access violation: 1064 You have an error in your SQL syntax; check the manual that corresponds to your MariaDB server version for the right syntax to use near 'FROM bookings b
        JOIN bookingstatuses bs ON b.StatusID = bs.StatusID...' at line 20
2025-05-18 04:09:08 - SQLSTATE[42000]: Syntax error or access violation: 1064 You have an error in your SQL syntax; check the manual that corresponds to your MariaDB server version for the right syntax to use near 'FROM bookings b
        JOIN bookingstatuses bs ON b.StatusID = bs.StatusID...' at line 20
2025-05-18 04:23:36 - SQLSTATE[42000]: Syntax error or access violation: 1064 You have an error in your SQL syntax; check the manual that corresponds to your MariaDB server version for the right syntax to use near '.StatusName
        FROM bookings b
        JOIN bookingstatuses bs ON b.St...' at line 18
2025-05-18 04:25:12 - SQLSTATE[42000]: Syntax error or access violation: 1064 You have an error in your SQL syntax; check the manual that corresponds to your MariaDB server version for the right syntax to use near '.StatusName
        FROM bookings b
        JOIN bookingstatuses bs ON b.St...' at line 18
2025-05-19 05:52:52 - SQLSTATE[HY093]: Invalid parameter number: number of bound variables does not match number of tokens
